<?xml version="1.0" encoding="UTF-8"?>
<!-- Generated by org.testng.reporters.JUnitXMLReporter -->
<testsuite ignored="0" hostname="ABIMOHAN" failures="1" tests="8" name="Smoke" time="0.121" errors="0" timestamp="2021-09-16T20:33:56 IST">
  <testcase classname="IOS.iosRetail.SubOrderTest" name="subOrder" time="0.009"/>
  <testcase classname="IOS.iosRetail.VlanInfoTest" name="vlanInfo" time="0.0"/>
  <testcase classname="IOS.iosRetail.QuickSearchTest" name="orderSearch" time="0.0"/>
  <testcase classname="IOS.iosRetail.StatusTest" name="status" time="0.001"/>
  <testcase classname="IOS.iosRetail.SummaryTest" name="summary" time="0.0"/>
  <testcase classname="IOS.iosRetail.EscalationTest" name="escalation" time="0.006">
    <failure type="java.lang.AssertionError" message="expected [false] but found [true]">
      <![CDATA[java.lang.AssertionError: expected [false] but found [true]
at IOS.iosRetail.EscalationTest.escalation(EscalationTest.java:11)
at java.base/java.util.ArrayList.forEach(ArrayList.java:1540)
... Removed 35 stack frames]]>
    </failure>
  </testcase> <!-- escalation -->
  <testcase classname="IOS.iosRetail.IOSInquiriesTest" name="iosInquiries" time="0.0"/>
  <testcase classname="IOS.iosRetail.HITSInquiriesTest" name="hitsInquiries" time="0.0"/>
</testsuite> <!-- Smoke -->
